[02:21:46.124][info] [#0:/nix/store/805rh8zphzap7063qcdz4fnlvlc2m782-lua-language-server-3.7.4/share/lua-language-server/main.lua:66]: Lua Lsp startup, root: 	/nix/store/805rh8zphzap7063qcdz4fnlvlc2m782-lua-language-server-3.7.4/share/lua-language-server
[02:21:46.124][info] [#0:/nix/store/805rh8zphzap7063qcdz4fnlvlc2m782-lua-language-server-3.7.4/share/lua-language-server/main.lua:67]: ROOT:	/nix/store/805rh8zphzap7063qcdz4fnlvlc2m782-lua-language-server-3.7.4/share/lua-language-server
[02:21:46.124][info] [#0:/nix/store/805rh8zphzap7063qcdz4fnlvlc2m782-lua-language-server-3.7.4/share/lua-language-server/main.lua:68]: LOGPATH:	.
[02:21:46.124][info] [#0:/nix/store/805rh8zphzap7063qcdz4fnlvlc2m782-lua-language-server-3.7.4/share/lua-language-server/main.lua:69]: METAPATH:	/home/runner/.cache/lua-language-server/meta
[02:21:46.125][info] [#0:/nix/store/805rh8zphzap7063qcdz4fnlvlc2m782-lua-language-server-3.7.4/share/lua-language-server/main.lua:70]: VERSION:	3.7.4
[02:21:46.149][info] [#0:script/language.lua:137]: VSC language: nil
[02:21:46.149][info] [#0:script/language.lua:138]: LS  language: en-us
[02:21:46.149][info] [#0:script/client.lua:657]: Client init	{
  rootUri = "file:///home/runner/work/colorbox.nvim/colorbox.nvim/lua"
}
[02:21:46.149][info] [#0:script/language.lua:137]: VSC language: nil
[02:21:46.149][info] [#0:script/language.lua:138]: LS  language: en-us
[02:21:46.149][info] [#0:script/workspace/workspace.lua:38]: Workspace init root: 	file:///home/runner/work/colorbox.nvim/colorbox.nvim/lua
[02:21:46.149][info] [#0:script/workspace/workspace.lua:42]: Log path: 	./file_home_runner_work_colorbox.nvim_colorbox.nvim_lua.log
[02:21:46.149][info] [#0:script/workspace/workspace.lua:48]: Workspace create: 	file:///home/runner/work/colorbox.nvim/colorbox.nvim/lua
[02:21:46.150][info] [#0:script/provider/provider.lua:36]: Load config from specified	/home/runner/work/colorbox.nvim/colorbox.nvim/.luarc.json
[02:21:46.150][info] [#0:script/provider/provider.lua:37]: {
  ["diagnostics.disable"] = { "undefined-field", "inject-field", "deprecated", "luadoc-miss-module-name", "undefined-doc-name", "lowercase-global", "cast-local-type", "param-type-mismatch" },
  ["diagnostics.globals"] = { "vim", "describe", "before_each", "it", "jit", "utf8" },
  ["runtime.version"] = "LuaJIT",
  ["workspace.checkThirdParty"] = "Disable"
}
[02:21:46.154][info] [#0:script/provider/provider.lua:36]: Load config from specified	/home/runner/work/colorbox.nvim/colorbox.nvim/.luarc.json
[02:21:46.154][info] [#0:script/provider/provider.lua:37]: {
  ["diagnostics.disable"] = { "undefined-field", "inject-field", "deprecated", "luadoc-miss-module-name", "undefined-doc-name", "lowercase-global", "cast-local-type", "param-type-mismatch" },
  ["diagnostics.globals"] = { "vim", "describe", "before_each", "it", "jit", "utf8" },
  ["runtime.version"] = "LuaJIT",
  ["workspace.checkThirdParty"] = "Disable"
}
[02:21:46.154][warn] [#0:script/config/loader.lua:116]: No config?	nil
[02:21:46.154][warn] [#0:script/config/loader.lua:116]: No config?	nil
[02:21:46.154][warn] [#0:script/config/loader.lua:116]: No config?	nil
[02:21:46.154][info] [#0:script/provider/provider.lua:61]: Load config from client	fallback
[02:21:46.154][info] [#0:script/provider/provider.lua:62]: nil
[02:21:46.154][warn] [#0:script/config/loader.lua:116]: No config?	nil
[02:21:46.154][info] [#0:script/provider/provider.lua:61]: Load config from client	fallback
[02:21:46.154][info] [#0:script/provider/provider.lua:62]: nil
[02:21:46.154][info] [#0:script/library.lua:212]: Init builtin library at:	file:///home/runner/work/colorbox.nvim/colorbox.nvim/lua
[02:21:46.162][info] [#0:script/library.lua:212]: Init builtin library at:	nil
[02:21:46.170][info] [#0:script/workspace/workspace.lua:324]: Preload start:	file:///home/runner/work/colorbox.nvim/colorbox.nvim/lua
[02:21:46.172][info] [#0:script/workspace/workspace.lua:330]: Scan files at:	file:///home/runner/work/colorbox.nvim/colorbox.nvim/lua
[02:21:46.173][info] [#0:script/workspace/workspace.lua:324]: Preload start:	<fallback>
[02:21:46.175][info] [#0:script/workspace/workspace.lua:353]: Scan library at:	file:///home/runner/.cache/lua-language-server/meta/LuaJIT%20en-us%20utf8/bit.lua
[02:21:46.176][info] [#0:script/workspace/workspace.lua:353]: Scan library at:	file:///home/runner/.cache/lua-language-server/meta/LuaJIT%20en-us%20utf8/debug.lua
[02:21:46.176][info] [#0:script/workspace/workspace.lua:353]: Scan library at:	file:///home/runner/.cache/lua-language-server/meta/LuaJIT%20en-us%20utf8/io.lua
[02:21:46.176][info] [#0:script/workspace/workspace.lua:353]: Scan library at:	file:///home/runner/.cache/lua-language-server/meta/LuaJIT%20en-us%20utf8/basic.lua
[02:21:46.176][info] [#0:script/workspace/workspace.lua:353]: Scan library at:	file:///home/runner/.cache/lua-language-server/meta/LuaJIT%20en-us%20utf8/jit/profile.lua
[02:21:46.176][info] [#0:script/workspace/workspace.lua:353]: Scan library at:	file:///home/runner/.cache/lua-language-server/meta/LuaJIT%20en-us%20utf8/coroutine.lua
[02:21:46.176][info] [#0:script/workspace/workspace.lua:353]: Scan library at:	file:///home/runner/.cache/lua-language-server/meta/LuaJIT%20en-us%20utf8/table.lua
[02:21:46.176][info] [#0:script/workspace/workspace.lua:353]: Scan library at:	file:///home/runner/.cache/lua-language-server/meta/LuaJIT%20en-us%20utf8/string/buffer.lua
[02:21:46.177][info] [#0:script/workspace/workspace.lua:353]: Scan library at:	file:///home/runner/.cache/lua-language-server/meta/LuaJIT%20en-us%20utf8/table/new.lua
[02:21:46.177][info] [#0:script/workspace/workspace.lua:353]: Scan library at:	file:///home/runner/.cache/lua-language-server/meta/LuaJIT%20en-us%20utf8/math.lua
[02:21:46.177][info] [#0:script/workspace/workspace.lua:353]: Scan library at:	file:///home/runner/.cache/lua-language-server/meta/LuaJIT%20en-us%20utf8/os.lua
[02:21:46.177][info] [#0:script/workspace/workspace.lua:353]: Scan library at:	file:///home/runner/.cache/lua-language-server/meta/LuaJIT%20en-us%20utf8/builtin.lua
[02:21:46.177][info] [#0:script/workspace/workspace.lua:353]: Scan library at:	file:///home/runner/.cache/lua-language-server/meta/LuaJIT%20en-us%20utf8/ffi.lua
[02:21:46.177][info] [#0:script/workspace/workspace.lua:353]: Scan library at:	file:///home/runner/.cache/lua-language-server/meta/LuaJIT%20en-us%20utf8/string.lua
[02:21:46.177][info] [#0:script/workspace/workspace.lua:353]: Scan library at:	file:///home/runner/.cache/lua-language-server/meta/LuaJIT%20en-us%20utf8/jit/util.lua
[02:21:46.177][info] [#0:script/workspace/workspace.lua:353]: Scan library at:	file:///home/runner/.cache/lua-language-server/meta/LuaJIT%20en-us%20utf8/package.lua
[02:21:46.177][info] [#0:script/workspace/workspace.lua:353]: Scan library at:	file:///home/runner/.cache/lua-language-server/meta/LuaJIT%20en-us%20utf8/table/clear.lua
[02:21:46.177][info] [#0:script/workspace/workspace.lua:353]: Scan library at:	file:///home/runner/.cache/lua-language-server/meta/LuaJIT%20en-us%20utf8/jit.lua
[02:21:46.178][info] [#0:script/workspace/workspace.lua:353]: Scan library at:	file:///home/runner/.cache/lua-language-server/meta/LuaJIT%20en-us%20utf8/bit.lua
[02:21:46.179][info] [#0:script/workspace/workspace.lua:353]: Scan library at:	file:///home/runner/.cache/lua-language-server/meta/LuaJIT%20en-us%20utf8/debug.lua
[02:21:46.179][info] [#0:script/workspace/workspace.lua:353]: Scan library at:	file:///home/runner/.cache/lua-language-server/meta/LuaJIT%20en-us%20utf8/io.lua
[02:21:46.179][info] [#0:script/workspace/workspace.lua:353]: Scan library at:	file:///home/runner/.cache/lua-language-server/meta/LuaJIT%20en-us%20utf8/basic.lua
[02:21:46.179][info] [#0:script/workspace/workspace.lua:353]: Scan library at:	file:///home/runner/.cache/lua-language-server/meta/LuaJIT%20en-us%20utf8/jit/profile.lua
[02:21:46.179][info] [#0:script/workspace/workspace.lua:353]: Scan library at:	file:///home/runner/.cache/lua-language-server/meta/LuaJIT%20en-us%20utf8/coroutine.lua
[02:21:46.179][info] [#0:script/workspace/workspace.lua:353]: Scan library at:	file:///home/runner/.cache/lua-language-server/meta/LuaJIT%20en-us%20utf8/table.lua
[02:21:46.179][info] [#0:script/workspace/workspace.lua:353]: Scan library at:	file:///home/runner/.cache/lua-language-server/meta/LuaJIT%20en-us%20utf8/string/buffer.lua
[02:21:46.179][info] [#0:script/workspace/workspace.lua:353]: Scan library at:	file:///home/runner/.cache/lua-language-server/meta/LuaJIT%20en-us%20utf8/table/new.lua
[02:21:46.179][info] [#0:script/workspace/workspace.lua:353]: Scan library at:	file:///home/runner/.cache/lua-language-server/meta/LuaJIT%20en-us%20utf8/math.lua
[02:21:46.179][info] [#0:script/workspace/workspace.lua:353]: Scan library at:	file:///home/runner/.cache/lua-language-server/meta/LuaJIT%20en-us%20utf8/os.lua
[02:21:46.179][info] [#0:script/workspace/workspace.lua:353]: Scan library at:	file:///home/runner/.cache/lua-language-server/meta/LuaJIT%20en-us%20utf8/builtin.lua
[02:21:46.179][info] [#0:script/workspace/workspace.lua:353]: Scan library at:	file:///home/runner/.cache/lua-language-server/meta/LuaJIT%20en-us%20utf8/ffi.lua
[02:21:46.179][info] [#0:script/workspace/workspace.lua:353]: Scan library at:	file:///home/runner/.cache/lua-language-server/meta/LuaJIT%20en-us%20utf8/string.lua
[02:21:46.179][info] [#0:script/workspace/workspace.lua:353]: Scan library at:	file:///home/runner/.cache/lua-language-server/meta/LuaJIT%20en-us%20utf8/jit/util.lua
[02:21:46.179][info] [#0:script/workspace/workspace.lua:353]: Scan library at:	file:///home/runner/.cache/lua-language-server/meta/LuaJIT%20en-us%20utf8/package.lua
[02:21:46.180][info] [#0:script/workspace/workspace.lua:353]: Scan library at:	file:///home/runner/.cache/lua-language-server/meta/LuaJIT%20en-us%20utf8/table/clear.lua
[02:21:46.180][info] [#0:script/workspace/workspace.lua:353]: Scan library at:	file:///home/runner/.cache/lua-language-server/meta/LuaJIT%20en-us%20utf8/jit.lua
[02:21:46.180][info] [#0:script/workspace/workspace.lua:379]: Found 18 files at:	<fallback>
[02:21:46.180][info] [#0:script/workspace/loading.lua:161]: Load files from disk:	<fallback>
[02:21:46.180][info] [#0:script/workspace/loading.lua:101]: Preload file at: file:///home/runner/.cache/lua-language-server/meta/LuaJIT%20en-us%20utf8/jit.lua , size = 0.884 KB
[02:21:46.181][info] [#0:script/workspace/loading.lua:113]: ++++As library of:	file:///home/runner/.cache/lua-language-server/meta/LuaJIT%20en-us%20utf8/jit.lua
[02:21:46.181][info] [#0:script/workspace/workspace.lua:379]: Found 57 files at:	file:///home/runner/work/colorbox.nvim/colorbox.nvim/lua
[02:21:46.181][info] [#0:script/workspace/loading.lua:161]: Load files from disk:	file:///home/runner/work/colorbox.nvim/colorbox.nvim/lua
[02:21:46.181][info] [#0:script/workspace/loading.lua:89]: Skip loaded file: file:///home/runner/.cache/lua-language-server/meta/LuaJIT%20en-us%20utf8/jit.lua
[02:21:46.181][info] [#0:script/workspace/loading.lua:113]: ++++As library of:	file:///home/runner/.cache/lua-language-server/meta/LuaJIT%20en-us%20utf8/jit.lua
[02:21:46.181][info] [#0:script/workspace/loading.lua:101]: Preload file at: file:///home/runner/.cache/lua-language-server/meta/LuaJIT%20en-us%20utf8/table/clear.lua , size = 0.797 KB
[02:21:46.182][info] [#0:script/workspace/loading.lua:113]: ++++As library of:	file:///home/runner/.cache/lua-language-server/meta/LuaJIT%20en-us%20utf8/table/clear.lua
[02:21:46.182][info] [#0:script/workspace/loading.lua:89]: Skip loaded file: file:///home/runner/.cache/lua-language-server/meta/LuaJIT%20en-us%20utf8/table/clear.lua
[02:21:46.182][info] [#0:script/workspace/loading.lua:113]: ++++As library of:	file:///home/runner/.cache/lua-language-server/meta/LuaJIT%20en-us%20utf8/table/clear.lua
[02:21:46.182][info] [#0:script/workspace/loading.lua:101]: Preload file at: file:///home/runner/.cache/lua-language-server/meta/LuaJIT%20en-us%20utf8/package.lua , size = 2.699 KB
[02:21:46.184][info] [#0:script/workspace/loading.lua:113]: ++++As library of:	file:///home/runner/.cache/lua-language-server/meta/LuaJIT%20en-us%20utf8/package.lua
[02:21:46.184][info] [#0:script/workspace/loading.lua:89]: Skip loaded file: file:///home/runner/.cache/lua-language-server/meta/LuaJIT%20en-us%20utf8/package.lua
[02:21:46.184][info] [#0:script/workspace/loading.lua:113]: ++++As library of:	file:///home/runner/.cache/lua-language-server/meta/LuaJIT%20en-us%20utf8/package.lua
[02:21:46.184][info] [#0:script/workspace/loading.lua:101]: Preload file at: file:///home/runner/.cache/lua-language-server/meta/LuaJIT%20en-us%20utf8/jit/util.lua , size = 1.984 KB
[02:21:46.186][info] [#0:script/workspace/loading.lua:113]: ++++As library of:	file:///home/runner/.cache/lua-language-server/meta/LuaJIT%20en-us%20utf8/jit/util.lua
[02:21:46.186][info] [#0:script/workspace/loading.lua:89]: Skip loaded file: file:///home/runner/.cache/lua-language-server/meta/LuaJIT%20en-us%20utf8/jit/util.lua
[02:21:46.186][info] [#0:script/workspace/loading.lua:113]: ++++As library of:	file:///home/runner/.cache/lua-language-server/meta/LuaJIT%20en-us%20utf8/jit/util.lua
[02:21:46.186][info] [#0:script/workspace/loading.lua:101]: Preload file at: file:///home/runner/.cache/lua-language-server/meta/LuaJIT%20en-us%20utf8/string.lua , size = 6.323 KB
[02:21:46.189][info] [#0:script/workspace/loading.lua:113]: ++++As library of:	file:///home/runner/.cache/lua-language-server/meta/LuaJIT%20en-us%20utf8/string.lua
[02:21:46.189][info] [#0:script/workspace/loading.lua:89]: Skip loaded file: file:///home/runner/.cache/lua-language-server/meta/LuaJIT%20en-us%20utf8/string.lua
[02:21:46.189][info] [#0:script/workspace/loading.lua:113]: ++++As library of:	file:///home/runner/.cache/lua-language-server/meta/LuaJIT%20en-us%20utf8/string.lua
[02:21:46.189][info] [#0:script/workspace/loading.lua:101]: Preload file at: file:///home/runner/.cache/lua-language-server/meta/LuaJIT%20en-us%20utf8/ffi.lua , size = 2.529 KB
[02:21:46.192][info] [#0:script/workspace/loading.lua:113]: ++++As library of:	file:///home/runner/.cache/lua-language-server/meta/LuaJIT%20en-us%20utf8/ffi.lua
[02:21:46.192][info] [#0:script/workspace/loading.lua:89]: Skip loaded file: file:///home/runner/.cache/lua-language-server/meta/LuaJIT%20en-us%20utf8/ffi.lua
[02:21:46.192][info] [#0:script/workspace/loading.lua:113]: ++++As library of:	file:///home/runner/.cache/lua-language-server/meta/LuaJIT%20en-us%20utf8/ffi.lua
[02:21:46.192][info] [#0:script/workspace/loading.lua:101]: Preload file at: file:///home/runner/.cache/lua-language-server/meta/LuaJIT%20en-us%20utf8/builtin.lua , size = 0.302 KB
[02:21:46.194][info] [#0:script/workspace/loading.lua:113]: ++++As library of:	file:///home/runner/.cache/lua-language-server/meta/LuaJIT%20en-us%20utf8/builtin.lua
[02:21:46.194][info] [#0:script/workspace/loading.lua:89]: Skip loaded file: file:///home/runner/.cache/lua-language-server/meta/LuaJIT%20en-us%20utf8/builtin.lua
[02:21:46.194][info] [#0:script/workspace/loading.lua:113]: ++++As library of:	file:///home/runner/.cache/lua-language-server/meta/LuaJIT%20en-us%20utf8/builtin.lua
[02:21:46.194][info] [#0:script/workspace/loading.lua:101]: Preload file at: file:///home/runner/.cache/lua-language-server/meta/LuaJIT%20en-us%20utf8/os.lua , size = 5.600 KB
[02:21:46.196][info] [#0:script/workspace/loading.lua:113]: ++++As library of:	file:///home/runner/.cache/lua-language-server/meta/LuaJIT%20en-us%20utf8/os.lua
[02:21:46.196][info] [#0:script/workspace/loading.lua:89]: Skip loaded file: file:///home/runner/.cache/lua-language-server/meta/LuaJIT%20en-us%20utf8/os.lua
[02:21:46.196][info] [#0:script/workspace/loading.lua:113]: ++++As library of:	file:///home/runner/.cache/lua-language-server/meta/LuaJIT%20en-us%20utf8/os.lua
[02:21:46.196][info] [#0:script/workspace/loading.lua:101]: Preload file at: file:///home/runner/.cache/lua-language-server/meta/LuaJIT%20en-us%20utf8/math.lua , size = 7.949 KB
[02:21:46.201][info] [#0:script/workspace/loading.lua:113]: ++++As library of:	file:///home/runner/.cache/lua-language-server/meta/LuaJIT%20en-us%20utf8/math.lua
[02:21:46.201][info] [#0:script/workspace/loading.lua:89]: Skip loaded file: file:///home/runner/.cache/lua-language-server/meta/LuaJIT%20en-us%20utf8/math.lua
[02:21:46.201][info] [#0:script/workspace/loading.lua:113]: ++++As library of:	file:///home/runner/.cache/lua-language-server/meta/LuaJIT%20en-us%20utf8/math.lua
[02:21:46.201][info] [#0:script/workspace/loading.lua:101]: Preload file at: file:///home/runner/.cache/lua-language-server/meta/LuaJIT%20en-us%20utf8/table/new.lua , size = 0.642 KB
[02:21:46.201][info] [#0:script/workspace/loading.lua:113]: ++++As library of:	file:///home/runner/.cache/lua-language-server/meta/LuaJIT%20en-us%20utf8/table/new.lua
[02:21:46.201][info] [#0:script/workspace/loading.lua:89]: Skip loaded file: file:///home/runner/.cache/lua-language-server/meta/LuaJIT%20en-us%20utf8/table/new.lua
[02:21:46.201][info] [#0:script/workspace/loading.lua:113]: ++++As library of:	file:///home/runner/.cache/lua-language-server/meta/LuaJIT%20en-us%20utf8/table/new.lua
[02:21:46.201][info] [#0:script/workspace/loading.lua:101]: Preload file at: file:///home/runner/.cache/lua-language-server/meta/LuaJIT%20en-us%20utf8/string/buffer.lua , size = 18.123 KB
[02:21:46.206][info] [#0:script/workspace/loading.lua:113]: ++++As library of:	file:///home/runner/.cache/lua-language-server/meta/LuaJIT%20en-us%20utf8/string/buffer.lua
[02:21:46.206][info] [#0:script/workspace/loading.lua:89]: Skip loaded file: file:///home/runner/.cache/lua-language-server/meta/LuaJIT%20en-us%20utf8/string/buffer.lua
[02:21:46.206][info] [#0:script/workspace/loading.lua:113]: ++++As library of:	file:///home/runner/.cache/lua-language-server/meta/LuaJIT%20en-us%20utf8/string/buffer.lua
[02:21:46.207][info] [#0:script/workspace/loading.lua:101]: Preload file at: file:///home/runner/.cache/lua-language-server/meta/LuaJIT%20en-us%20utf8/table.lua , size = 4.230 KB
[02:21:46.209][info] [#0:script/workspace/loading.lua:113]: ++++As library of:	file:///home/runner/.cache/lua-language-server/meta/LuaJIT%20en-us%20utf8/table.lua
[02:21:46.209][info] [#0:script/workspace/loading.lua:89]: Skip loaded file: file:///home/runner/.cache/lua-language-server/meta/LuaJIT%20en-us%20utf8/table.lua
[02:21:46.209][info] [#0:script/workspace/loading.lua:113]: ++++As library of:	file:///home/runner/.cache/lua-language-server/meta/LuaJIT%20en-us%20utf8/table.lua
[02:21:46.209][info] [#0:script/workspace/loading.lua:101]: Preload file at: file:///home/runner/.cache/lua-language-server/meta/LuaJIT%20en-us%20utf8/coroutine.lua , size = 2.541 KB
[02:21:46.210][info] [#0:script/workspace/loading.lua:113]: ++++As library of:	file:///home/runner/.cache/lua-language-server/meta/LuaJIT%20en-us%20utf8/coroutine.lua
[02:21:46.210][info] [#0:script/workspace/loading.lua:89]: Skip loaded file: file:///home/runner/.cache/lua-language-server/meta/LuaJIT%20en-us%20utf8/coroutine.lua
[02:21:46.210][info] [#0:script/workspace/loading.lua:113]: ++++As library of:	file:///home/runner/.cache/lua-language-server/meta/LuaJIT%20en-us%20utf8/coroutine.lua
[02:21:46.210][info] [#0:script/workspace/loading.lua:101]: Preload file at: file:///home/runner/.cache/lua-language-server/meta/LuaJIT%20en-us%20utf8/jit/profile.lua , size = 0.348 KB
[02:21:46.211][info] [#0:script/workspace/loading.lua:113]: ++++As library of:	file:///home/runner/.cache/lua-language-server/meta/LuaJIT%20en-us%20utf8/jit/profile.lua
[02:21:46.211][info] [#0:script/workspace/loading.lua:89]: Skip loaded file: file:///home/runner/.cache/lua-language-server/meta/LuaJIT%20en-us%20utf8/jit/profile.lua
[02:21:46.211][info] [#0:script/workspace/loading.lua:113]: ++++As library of:	file:///home/runner/.cache/lua-language-server/meta/LuaJIT%20en-us%20utf8/jit/profile.lua
[02:21:46.211][info] [#0:script/workspace/loading.lua:101]: Preload file at: file:///home/runner/.cache/lua-language-server/meta/LuaJIT%20en-us%20utf8/basic.lua , size = 14.989 KB
[02:21:46.217][info] [#0:script/workspace/loading.lua:113]: ++++As library of:	file:///home/runner/.cache/lua-language-server/meta/LuaJIT%20en-us%20utf8/basic.lua
[02:21:46.217][info] [#0:script/workspace/loading.lua:89]: Skip loaded file: file:///home/runner/.cache/lua-language-server/meta/LuaJIT%20en-us%20utf8/basic.lua
[02:21:46.217][info] [#0:script/workspace/loading.lua:113]: ++++As library of:	file:///home/runner/.cache/lua-language-server/meta/LuaJIT%20en-us%20utf8/basic.lua
[02:21:46.217][info] [#0:script/workspace/loading.lua:101]: Preload file at: file:///home/runner/.cache/lua-language-server/meta/LuaJIT%20en-us%20utf8/io.lua , size = 6.364 KB
[02:21:46.221][info] [#0:script/workspace/loading.lua:113]: ++++As library of:	file:///home/runner/.cache/lua-language-server/meta/LuaJIT%20en-us%20utf8/io.lua
[02:21:46.221][info] [#0:script/workspace/loading.lua:89]: Skip loaded file: file:///home/runner/.cache/lua-language-server/meta/LuaJIT%20en-us%20utf8/io.lua
[02:21:46.221][info] [#0:script/workspace/loading.lua:113]: ++++As library of:	file:///home/runner/.cache/lua-language-server/meta/LuaJIT%20en-us%20utf8/io.lua
[02:21:46.223][info] [#0:script/workspace/loading.lua:101]: Preload file at: file:///home/runner/.cache/lua-language-server/meta/LuaJIT%20en-us%20utf8/debug.lua , size = 7.310 KB
[02:21:46.226][info] [#0:script/workspace/loading.lua:113]: ++++As library of:	file:///home/runner/.cache/lua-language-server/meta/LuaJIT%20en-us%20utf8/debug.lua
[02:21:46.226][info] [#0:script/workspace/loading.lua:89]: Skip loaded file: file:///home/runner/.cache/lua-language-server/meta/LuaJIT%20en-us%20utf8/debug.lua
[02:21:46.226][info] [#0:script/workspace/loading.lua:113]: ++++As library of:	file:///home/runner/.cache/lua-language-server/meta/LuaJIT%20en-us%20utf8/debug.lua
[02:21:46.226][info] [#0:script/workspace/loading.lua:101]: Preload file at: file:///home/runner/.cache/lua-language-server/meta/LuaJIT%20en-us%20utf8/bit.lua , size = 1.320 KB
[02:21:46.228][info] [#0:script/workspace/loading.lua:113]: ++++As library of:	file:///home/runner/.cache/lua-language-server/meta/LuaJIT%20en-us%20utf8/bit.lua
[02:21:46.228][info] [#0:script/workspace/loading.lua:89]: Skip loaded file: file:///home/runner/.cache/lua-language-server/meta/LuaJIT%20en-us%20utf8/bit.lua
[02:21:46.228][info] [#0:script/workspace/loading.lua:113]: ++++As library of:	file:///home/runner/.cache/lua-language-server/meta/LuaJIT%20en-us%20utf8/bit.lua
[02:21:46.228][info] [#0:script/workspace/loading.lua:173]: Loaded files takes [0.048] sec: <fallback>
[02:21:46.228][info] [#0:script/workspace/loading.lua:182]: Compile files takes [0.000] sec: <fallback>
[02:21:46.228][info] [#0:script/workspace/loading.lua:183]: Loaded finish:	<fallback>
[02:21:46.228][info] [#0:script/workspace/workspace.lua:381]: Preload finish at:	<fallback>
[02:21:46.229][info] [#0:script/workspace/loading.lua:101]: Preload file at: file:///home/runner/work/colorbox.nvim/colorbox.nvim/lua/colorbox/configs.lua , size = 2.492 KB
[02:21:46.231][info] [#0:script/workspace/loading.lua:101]: Preload file at: file:///home/runner/work/colorbox.nvim/colorbox.nvim/lua/colorbox/controller.lua , size = 9.549 KB
[02:21:46.236][info] [#0:script/workspace/loading.lua:101]: Preload file at: file:///home/runner/work/colorbox.nvim/colorbox.nvim/lua/colorbox/runtime.lua , size = 3.815 KB
[02:21:46.238][info] [#0:script/workspace/loading.lua:101]: Preload file at: file:///home/runner/work/colorbox.nvim/colorbox.nvim/lua/colorbox/filter.lua , size = 1.977 KB
[02:21:46.240][info] [#0:script/workspace/loading.lua:101]: Preload file at: file:///home/runner/work/colorbox.nvim/colorbox.nvim/lua/colorbox/meta/specs_by_colorname.lua , size = 51.532 KB
[02:21:46.253][info] [#0:script/workspace/loading.lua:101]: Preload file at: file:///home/runner/work/colorbox.nvim/colorbox.nvim/lua/colorbox/meta/specs_by_gitpath.lua , size = 19.356 KB
[02:21:46.258][info] [#0:script/workspace/loading.lua:101]: Preload file at: file:///home/runner/work/colorbox.nvim/colorbox.nvim/lua/colorbox/meta/specs.lua , size = 19.356 KB
[02:21:46.262][info] [#0:script/workspace/loading.lua:101]: Preload file at: file:///home/runner/work/colorbox.nvim/colorbox.nvim/lua/colorbox/meta/colornames.lua , size = 2.094 KB
[02:21:46.263][info] [#0:script/workspace/loading.lua:101]: Preload file at: file:///home/runner/work/colorbox.nvim/colorbox.nvim/lua/colorbox/loader.lua , size = 1.811 KB
[02:21:46.264][info] [#0:script/workspace/loading.lua:101]: Preload file at: file:///home/runner/work/colorbox.nvim/colorbox.nvim/lua/colorbox/policy/fixed_interval.lua , size = 1.380 KB
[02:21:46.266][info] [#0:script/workspace/loading.lua:101]: Preload file at: file:///home/runner/work/colorbox.nvim/colorbox.nvim/lua/colorbox/policy/filetype.lua , size = 1.142 KB
[02:21:46.267][info] [#0:script/workspace/loading.lua:101]: Preload file at: file:///home/runner/work/colorbox.nvim/colorbox.nvim/lua/colorbox/policy/builtin.lua , size = 1.810 KB
[02:21:46.268][info] [#0:script/workspace/loading.lua:101]: Preload file at: file:///home/runner/work/colorbox.nvim/colorbox.nvim/lua/colorbox/db.lua , size = 2.076 KB
[02:21:46.269][info] [#0:script/workspace/loading.lua:101]: Preload file at: file:///home/runner/work/colorbox.nvim/colorbox.nvim/lua/colorbox/filter/builtin.lua , size = 2.131 KB
[02:21:46.271][info] [#0:script/workspace/loading.lua:101]: Preload file at: file:///home/runner/work/colorbox.nvim/colorbox.nvim/lua/colorbox/timing.lua , size = 0.771 KB
[02:21:46.271][info] [#0:script/workspace/loading.lua:101]: Preload file at: file:///home/runner/work/colorbox.nvim/colorbox.nvim/lua/colorbox/policy.lua , size = 0.891 KB
[02:21:46.272][info] [#0:script/workspace/loading.lua:101]: Preload file at: file:///home/runner/work/colorbox.nvim/colorbox.nvim/lua/colorbox/track.lua , size = 1.856 KB
[02:21:46.273][info] [#0:script/workspace/loading.lua:101]: Preload file at: file:///home/runner/work/colorbox.nvim/colorbox.nvim/lua/colorbox/commons/uri.lua , size = 0.623 KB
[02:21:46.274][info] [#0:script/workspace/loading.lua:101]: Preload file at: file:///home/runner/work/colorbox.nvim/colorbox.nvim/lua/colorbox/commons/path.lua , size = 5.119 KB
[02:21:46.278][info] [#0:script/workspace/loading.lua:101]: Preload file at: file:///home/runner/work/colorbox.nvim/colorbox.nvim/lua/colorbox/commons/num.lua , size = 4.632 KB
[02:21:46.286][info] [#0:script/workspace/loading.lua:101]: Preload file at: file:///home/runner/work/colorbox.nvim/colorbox.nvim/lua/colorbox/commons/api.lua , size = 2.938 KB
[02:21:46.288][info] [#0:script/workspace/loading.lua:101]: Preload file at: file:///home/runner/work/colorbox.nvim/colorbox.nvim/lua/colorbox/commons/str.lua , size = 6.450 KB
[02:21:46.294][info] [#0:script/workspace/loading.lua:101]: Preload file at: file:///home/runner/work/colorbox.nvim/colorbox.nvim/lua/colorbox/commons/_system.lua , size = 9.169 KB
[02:21:46.300][info] [#0:script/workspace/loading.lua:101]: Preload file at: file:///home/runner/work/colorbox.nvim/colorbox.nvim/lua/colorbox/commons/fileio.lua , size = 13.143 KB
[02:21:46.308][info] [#0:script/workspace/loading.lua:101]: Preload file at: file:///home/runner/work/colorbox.nvim/colorbox.nvim/lua/colorbox/commons/_json.lua , size = 14.780 KB
[02:21:46.316][info] [#0:script/workspace/loading.lua:101]: Preload file at: file:///home/runner/work/colorbox.nvim/colorbox.nvim/lua/colorbox/commons/version.lua , size = 2.095 KB
[02:21:46.318][info] [#0:script/workspace/loading.lua:101]: Preload file at: file:///home/runner/work/colorbox.nvim/colorbox.nvim/lua/colorbox/commons/_uri.lua , size = 3.592 KB
[02:21:46.320][info] [#0:script/workspace/loading.lua:101]: Preload file at: file:///home/runner/work/colorbox.nvim/colorbox.nvim/lua/colorbox/commons/platform.lua , size = 0.399 KB
[02:21:46.325][info] [#0:script/workspace/loading.lua:101]: Preload file at: file:///home/runner/work/colorbox.nvim/colorbox.nvim/lua/colorbox/commons/async.lua , size = 7.100 KB
[02:21:46.329][info] [#0:script/workspace/loading.lua:101]: Preload file at: file:///home/runner/work/colorbox.nvim/colorbox.nvim/lua/colorbox/commons/color/term.lua , size = 3.022 KB
[02:21:46.331][info] [#0:script/workspace/loading.lua:101]: Preload file at: file:///home/runner/work/colorbox.nvim/colorbox.nvim/lua/colorbox/commons/color/hl.lua , size = 1.157 KB
[02:21:46.332][info] [#0:script/workspace/loading.lua:101]: Preload file at: file:///home/runner/work/colorbox.nvim/colorbox.nvim/lua/colorbox/commons/color/hsl.lua , size = 9.282 KB
[02:21:46.336][info] [#0:script/workspace/loading.lua:101]: Preload file at: file:///home/runner/work/colorbox.nvim/colorbox.nvim/lua/colorbox/commons/uv.lua , size = 0.025 KB
[02:21:46.336][info] [#0:script/workspace/loading.lua:101]: Preload file at: file:///home/runner/work/colorbox.nvim/colorbox.nvim/lua/colorbox/commons/tbl.lua , size = 13.944 KB
[02:21:46.350][info] [#0:script/workspace/loading.lua:101]: Preload file at: file:///home/runner/work/colorbox.nvim/colorbox.nvim/lua/colorbox/commons/ringbuf.lua , size = 4.404 KB
[02:21:46.354][info] [#0:script/workspace/loading.lua:101]: Preload file at: file:///home/runner/work/colorbox.nvim/colorbox.nvim/lua/colorbox/commons/logging.lua , size = 14.589 KB
[02:21:46.364][info] [#0:script/workspace/loading.lua:101]: Preload file at: file:///home/runner/work/colorbox.nvim/colorbox.nvim/lua/colorbox/commons/json.lua , size = 0.540 KB
[02:21:46.365][info] [#0:script/workspace/loading.lua:101]: Preload file at: file:///home/runner/work/colorbox.nvim/colorbox.nvim/lua/colorbox/commons/spawn.lua , size = 3.431 KB
[02:21:46.367][info] [#0:script/workspace/loading.lua:101]: Preload file at: file:///home/runner/work/colorbox.nvim/colorbox.nvim/lua/colorbox.lua , size = 2.949 KB
[02:21:46.369][info] [#0:script/workspace/loading.lua:173]: Loaded files takes [0.188] sec: file:///home/runner/work/colorbox.nvim/colorbox.nvim/lua
[02:21:46.369][info] [#0:script/workspace/loading.lua:182]: Compile files takes [0.000] sec: file:///home/runner/work/colorbox.nvim/colorbox.nvim/lua
[02:21:46.369][info] [#0:script/workspace/loading.lua:183]: Loaded finish:	file:///home/runner/work/colorbox.nvim/colorbox.nvim/lua
[02:21:46.369][info] [#0:script/workspace/workspace.lua:381]: Preload finish at:	file:///home/runner/work/colorbox.nvim/colorbox.nvim/lua
[02:21:46.375][info] [#0:script/provider/diagnostic.lua:557]: Diagnostics scope [file:///home/runner/work/colorbox.nvim/colorbox.nvim/lua], files count:[57]
[02:21:48.248][info] [#0:script/provider/diagnostic.lua:574]: Diagnostics scope [file:///home/runner/work/colorbox.nvim/colorbox.nvim/lua] finished, takes [1.874] sec.
